<?xml version="1.0" encoding="UTF-8"?>
<testng-results ignored="0" total="1" passed="1" failed="0" skipped="0">
  <reporter-output>
  </reporter-output>
  <suite started-at="2022-05-17T14:19:57 IST" name="Suite" finished-at="2022-05-17T14:20:28 IST" duration-ms="31170">
    <groups>
    </groups>
    <test started-at="2022-05-17T14:19:57 IST" name="Test" finished-at="2022-05-17T14:20:28 IST" duration-ms="31170">
      <class name="TestNG.TestngExample">
        <test-method signature="login()[pri:0, instance:TestNG.TestngExample@2f217633]" started-at="2022-05-17T14:19:57 IST" name="login" finished-at="2022-05-17T14:20:28 IST" duration-ms="31033" status="PASS">
          <reporter-output>
          </reporter-output>
        </test-method> <!-- login -->
      </class> <!-- TestNG.TestngExample -->
    </test> <!-- Test -->
  </suite> <!-- Suite -->
</testng-results>
